<?xml version="1.0" encoding="utf-8"?><testsuites name="pytest tests"><testsuite name="pytest" errors="0" failures="0" skipped="0" tests="9" time="1.076" timestamp="2026-06-10T15:58:34.386306+00:00" hostname="agent-env-d6f7cb80-9913-47d9-8e56-c0b6041e6741"><testcase classname="backend.tests.backend_test" name="test_root_status" time="0.266" /><testcase classname="backend.tests.backend_test" name="test_training_logs_seeded" time="0.053" /><testcase classname="backend.tests.backend_test" name="test_admin_verify_correct" time="0.050" /><testcase classname="backend.tests.backend_test" name="test_admin_verify_wrong" time="0.052" /><testcase classname="backend.tests.backend_test" name="test_create_training_log_no_auth" time="0.051" /><testcase classname="backend.tests.backend_test" name="test_create_and_delete_training_log" time="0.268" /><testcase classname="backend.tests.backend_test" name="test_contact_valid" time="0.094" /><testcase classname="backend.tests.backend_test" name="test_contact_invalid_email" time="0.051" /><testcase classname="backend.tests.backend_test" name="test_contact_missing_email" time="0.054" /></testsuite></testsuites>